<?xml version="1.0" encoding="UTF-8"?>
<testsuite xmlns:xsi="http://www.w3.org/2001/XMLSchema-instance" xsi:noNamespaceSchemaLocation="https://maven.apache.org/surefire/maven-surefire-plugin/xsd/surefire-test-report.xsd" version="3.0.2" name="com.sse.smartshedenterprise.SmartshedenterpriseApplicationTests" time="49.525" tests="1" errors="0" skipped="0" failures="0" flakes="0">
  <properties>
[...]
</properties>
  <testcase name="contextLoads" classname="com.sse.smartshedenterprise.SmartshedenterpriseApplicationTests" time="3.72">
    <system-out><![CDATA[22:24:06.226 [main] INFO org.springframework.test.context.support.AnnotationConfigContextLoaderUtils -- Could not detect default configuration classes for test class [com.sse.smartshedenterprise.SmartshedenterpriseApplicationTests]: SmartshedenterpriseApplicationTests does not declare any static, non-private, non-final, nested classes annotated with @Configuration.
22:24:07.850 [main] INFO org.springframework.boot.test.context.SpringBootTestContextBootstrapper -- Found @SpringBootConfiguration com.sse.smartshedenterprise.SmartshedenterpriseApplication for test class com.sse.smartshedenterprise.SmartshedenterpriseApplicationTests
22:24:08.774 [main] INFO org.springframework.test.context.support.AnnotationConfigContextLoaderUtils -- Could not detect default configuration classes for test class [com.sse.smartshedenterprise.SmartshedenterpriseApplicationTests]: SmartshedenterpriseApplicationTests does not declare any static, non-private, non-final, nested classes annotated with @Configuration.
22:24:08.818 [main] INFO org.springframework.boot.test.context.SpringBootTestContextBootstrapper -- Found @SpringBootConfiguration com.sse.smartshedenterprise.SmartshedenterpriseApplication for test class com.sse.smartshedenterprise.SmartshedenterpriseApplicationTests

  .   ____          _            __ _ _
 /\\ / ___'_ __ _ _(_)_ __  __ _ \ \ \ \
( ( )\___ | '_ | '_| | '_ \/ _` | \ \ \ \
 \\/  ___)| |_)| | | | | || (_| |  ) ) ) )
  '  |____| .__|_| |_|_| |_\__, | / / / /
 =========|_|==============|___/=/_/_/_/

 :: Spring Boot ::                (v4.0.6)

2026-05-19T22:24:12.066+05:30  INFO 9616 --- [smartshedenterprise] [           main] .s.s.SmartshedenterpriseApplicationTests : Starting SmartshedenterpriseApplicationTests using Java 26.0.1 with PID 9616 (started by Admin in C:\Users\Admin\Downloads\smartshedenterprise\smartshedenterprise)
2026-05-19T22:24:12.076+05:30  INFO 9616 --- [smartshedenterprise] [           main] .s.s.SmartshedenterpriseApplicationTests : No active profile set, falling back to 1 default profile: "default"
2026-05-19T22:24:19.731+05:30  INFO 9616 --- [smartshedenterprise] [           main] .s.d.r.c.RepositoryConfigurationDelegate : Bootstrapping Spring Data JPA repositories in DEFAULT mode.
2026-05-19T22:24:20.277+05:30  INFO 9616 --- [smartshedenterprise] [           main] .s.d.r.c.RepositoryConfigurationDelegate : Finished Spring Data repository scanning in 416 ms. Found 2 JPA repository interfaces.
2026-05-19T22:24:24.078+05:30  INFO 9616 --- [smartshedenterprise] [           main] org.hibernate.orm.jpa                    : HHH008540: Processing PersistenceUnitInfo [name: default]
2026-05-19T22:24:24.629+05:30  INFO 9616 --- [smartshedenterprise] [           main] org.hibernate.orm.core                   : HHH000001: Hibernate ORM core version 7.2.12.Final
2026-05-19T22:24:31.313+05:30  INFO 9616 --- [smartshedenterprise] [           main] o.s.o.j.p.SpringPersistenceUnitInfo      : No LoadTimeWeaver setup: ignoring JPA class transformer
2026-05-19T22:24:31.586+05:30  INFO 9616 --- [smartshedenterprise] [           main] com.zaxxer.hikari.HikariDataSource       : HikariPool-1 - Starting...
2026-05-19T22:24:33.334+05:30  INFO 9616 --- [smartshedenterprise] [           main] com.zaxxer.hikari.pool.HikariPool        : HikariPool-1 - Added connection conn0: url=jdbc:h2:mem:testdb user=SA
2026-05-19T22:24:33.348+05:30  INFO 9616 --- [smartshedenterprise] [           main] com.zaxxer.hikari.HikariDataSource       : HikariPool-1 - Start completed.
2026-05-19T22:24:33.901+05:30  WARN 9616 --- [smartshedenterprise] [           main] org.hibernate.orm.deprecation            : HHH90000025: H2Dialect does not need to be specified explicitly using 'hibernate.dialect' (remove the property setting and it will be selected by default)
2026-05-19T22:24:34.125+05:30  INFO 9616 --- [smartshedenterprise] [           main] org.hibernate.orm.connections.pooling    : HHH10001005: Database info:
	Database JDBC URL [jdbc:h2:mem:testdb]
	Database driver: H2 JDBC Driver
	Database dialect: H2Dialect
	Database version: 2.4.240
	Default catalog/schema: TESTDB/PUBLIC
	Autocommit mode: undefined/unknown
	Isolation level: READ_COMMITTED [default READ_COMMITTED]
	JDBC fetch size: 100
	Pool: DataSourceConnectionProvider
	Minimum pool size: undefined/unknown
	Maximum pool size: undefined/unknown
2026-05-19T22:24:42.793+05:30  INFO 9616 --- [smartshedenterprise] [           main] org.hibernate.orm.core                   : HHH000489: No JTA platform available (set 'hibernate.transaction.jta.platform' to enable JTA platform integration)
2026-05-19T22:24:43.185+05:30  INFO 9616 --- [smartshedenterprise] [           main] j.LocalContainerEntityManagerFactoryBean : Initialized JPA EntityManagerFactory for persistence unit 'default'
2026-05-19T22:24:44.013+05:30  INFO 9616 --- [smartshedenterprise] [           main] o.s.d.j.r.query.QueryEnhancerFactories   : Hibernate is in classpath; If applicable, HQL parser will be used.
2026-05-19T22:24:46.189+05:30  WARN 9616 --- [smartshedenterprise] [           main] JpaBaseConfiguration$JpaWebConfiguration : spring.jpa.open-in-view is enabled by default. Therefore, database queries may be performed during view rendering. Explicitly configure spring.jpa.open-in-view to disable this warning
2026-05-19T22:24:48.894+05:30  INFO 9616 --- [smartshedenterprise] [           main] o.s.b.h.a.H2ConsoleAutoConfiguration     : H2 console available at '/h2-ui'. Database available at 'jdbc:h2:mem:testdb'
2026-05-19T22:24:49.502+05:30  INFO 9616 --- [smartshedenterprise] [           main] .s.s.SmartshedenterpriseApplicationTests : Started SmartshedenterpriseApplicationTests in 40.054 seconds (process running for 51.812)
]]></system-out>
    <system-err><![CDATA[Mockito is currently self-attaching to enable the inline-mock-maker. This will no longer work in future releases of the JDK. Please add Mockito as an agent to your build as described in Mockito's documentation: https://javadoc.io/doc/org.mockito/mockito-core/latest/org.mockito/org/mockito/Mockito.html#0.3
WARNING: A Java agent has been loaded dynamically (C:\Users\Admin\.m2\repository\net\bytebuddy\byte-buddy-agent\1.17.8\byte-buddy-agent-1.17.8.jar)
WARNING: If a serviceability tool is in use, please run with -XX:+EnableDynamicAgentLoading to hide this warning
WARNING: If a serviceability tool is not in use, please run with -Djdk.instrument.traceUsage for more information
WARNING: Dynamic loading of agents will be disallowed by default in a future release
]]></system-err>
  </testcase>
</testsuite>